12:52:27.413 [main] INFO  testCases.TC001_AccountRegistrationTest - *******Starting TC001_AutomationRegistrationTest *********
12:52:27.677 [main] INFO  testCases.TC001_AccountRegistrationTest - Clicked on MyAccount Link 
12:52:28.437 [main] INFO  testCases.TC001_AccountRegistrationTest - Clicked on Register Link 
12:52:33.456 [main] INFO  testCases.TC001_AccountRegistrationTest - Providing customer details...
12:52:35.806 [main] INFO  testCases.TC001_AccountRegistrationTest - Validating expected message...
12:52:35.896 [main] ERROR testCases.TC001_AccountRegistrationTest - Test failed..
12:52:35.897 [main] DEBUG testCases.TC001_AccountRegistrationTest - Debug logs..
00:04:59.086 [TestNG-tests-1] INFO  testCases.TC001_AccountRegistrationTest - *******Starting TC001_AutomationRegistrationTest *********
00:04:59.323 [TestNG-tests-1] INFO  testCases.TC001_AccountRegistrationTest - Clicked on MyAccount Link 
00:05:00.356 [TestNG-tests-1] INFO  testCases.TC001_AccountRegistrationTest - Clicked on Register Link 
00:05:05.373 [TestNG-tests-1] INFO  testCases.TC001_AccountRegistrationTest - Providing customer details...
00:05:07.640 [TestNG-tests-1] INFO  testCases.TC001_AccountRegistrationTest - Validating expected message...
00:05:07.705 [TestNG-tests-1] INFO  testCases.TC001_AccountRegistrationTest - *******Finished TC001_AutomationRegistrationTest *********
00:06:00.739 [TestNG-tests-1] INFO  testCases.TC001_AccountRegistrationTest - *******Starting TC001_AutomationRegistrationTest *********
00:06:00.997 [TestNG-tests-1] INFO  testCases.TC001_AccountRegistrationTest - Clicked on MyAccount Link 
00:06:02.123 [TestNG-tests-1] INFO  testCases.TC001_AccountRegistrationTest - Clicked on Register Link 
00:06:07.142 [TestNG-tests-1] INFO  testCases.TC001_AccountRegistrationTest - Providing customer details...
00:06:09.659 [TestNG-tests-1] INFO  testCases.TC001_AccountRegistrationTest - Validating expected message...
00:06:09.751 [TestNG-tests-1] INFO  testCases.TC001_AccountRegistrationTest - *******Finished TC001_AutomationRegistrationTest *********
00:07:51.770 [TestNG-tests-2] INFO  testCases.TC001_AccountRegistrationTest - *******Starting TC001_AutomationRegistrationTest *********
00:07:51.898 [TestNG-tests-2] INFO  testCases.TC001_AccountRegistrationTest - Clicked on MyAccount Link 
00:07:52.768 [TestNG-tests-2] INFO  testCases.TC001_AccountRegistrationTest - Clicked on Register Link 
00:07:57.771 [TestNG-tests-2] INFO  testCases.TC001_AccountRegistrationTest - Providing customer details...
00:08:00.276 [TestNG-tests-2] INFO  testCases.TC001_AccountRegistrationTest - Validating expected message...
00:08:00.363 [TestNG-tests-2] INFO  testCases.TC001_AccountRegistrationTest - *******Finished TC001_AutomationRegistrationTest *********
00:29:42.758 [TestNG-tests-1] INFO  testCases.TC001_AccountRegistrationTest - *******Starting TC001_AutomationRegistrationTest *********
00:29:42.988 [TestNG-tests-1] INFO  testCases.TC001_AccountRegistrationTest - Clicked on MyAccount Link 
00:29:43.958 [TestNG-tests-1] INFO  testCases.TC001_AccountRegistrationTest - Clicked on Register Link 
00:29:45.493 [TestNG-tests-2] INFO  testCases.TC001_AccountRegistrationTest - *******Starting TC001_AutomationRegistrationTest *********
00:29:45.716 [TestNG-tests-2] INFO  testCases.TC001_AccountRegistrationTest - Clicked on MyAccount Link 
00:29:46.845 [TestNG-tests-2] INFO  testCases.TC001_AccountRegistrationTest - Clicked on Register Link 
00:29:49.246 [TestNG-tests-1] INFO  testCases.TC001_AccountRegistrationTest - Providing customer details...
00:29:51.863 [TestNG-tests-2] INFO  testCases.TC001_AccountRegistrationTest - Providing customer details...
00:29:52.513 [TestNG-tests-1] INFO  testCases.TC001_AccountRegistrationTest - Validating expected message...
00:29:52.619 [TestNG-tests-1] INFO  testCases.TC001_AccountRegistrationTest - *******Finished TC001_AutomationRegistrationTest *********
00:29:55.094 [TestNG-tests-2] INFO  testCases.TC001_AccountRegistrationTest - Validating expected message...
00:29:55.161 [TestNG-tests-2] INFO  testCases.TC001_AccountRegistrationTest - *******Finished TC001_AutomationRegistrationTest *********
01:13:57.629 [main] INFO  testCases.TC002_LoginTest - *******Starting TC002_LoginTest *********
01:14:35.353 [main] INFO  testCases.TC002_LoginTest - *******Starting TC002_LoginTest *********
01:14:37.374 [main] INFO  testCases.TC002_LoginTest - *******Finished TC002_LoginTest *********
01:15:23.773 [main] INFO  testCases.TC002_LoginTest - *******Starting TC002_LoginTest *********
01:15:25.696 [main] INFO  testCases.TC002_LoginTest - *******Finished TC002_LoginTest *********
01:15:48.990 [main] INFO  testCases.TC001_AccountRegistrationTest - *******Starting TC001_AutomationRegistrationTest *********
01:15:49.219 [main] INFO  testCases.TC001_AccountRegistrationTest - Clicked on MyAccount Link 
01:15:49.877 [main] INFO  testCases.TC001_AccountRegistrationTest - Clicked on Register Link 
