23:12:16.761 [TestNG-tests-1] INFO  testCases.TC001_AccountRegistrationTest - Validating expected message...
23:12:16.866 [TestNG-tests-1] INFO  testCases.TC001_AccountRegistrationTest - *******Finished TC001_AutomationRegistrationTest *********
16:24:00.804 [main] INFO  testCases.TC001_AccountRegistrationTest - *******Starting TC001_AutomationRegistrationTest *********
16:24:01.242 [main] INFO  testCases.TC001_AccountRegistrationTest - Clicked on MyAccount Link 
16:24:02.101 [main] INFO  testCases.TC001_AccountRegistrationTest - Clicked on Register Link 
16:24:07.134 [main] INFO  testCases.TC001_AccountRegistrationTest - Providing customer details...
16:24:09.228 [main] INFO  testCases.TC001_AccountRegistrationTest - Validating expected message...
16:24:09.303 [main] INFO  testCases.TC001_AccountRegistrationTest - *******Finished TC001_AutomationRegistrationTest *********
16:24:12.583 [main] INFO  testCases.TC002_LoginTest - *******Starting TC002_LoginTest *********
16:24:16.300 [main] INFO  testCases.TC002_LoginTest - *******Finished TC002_LoginTest *********
16:40:53.692 [main] INFO  testCases.TC001_AccountRegistrationTest - *******Starting TC001_AutomationRegistrationTest *********
16:40:53.949 [main] INFO  testCases.TC001_AccountRegistrationTest - Clicked on MyAccount Link 
16:40:54.758 [main] INFO  testCases.TC001_AccountRegistrationTest - Clicked on Register Link 
16:40:59.774 [main] INFO  testCases.TC001_AccountRegistrationTest - Providing customer details...
16:41:02.045 [main] INFO  testCases.TC001_AccountRegistrationTest - Validating expected message...
16:41:02.116 [main] INFO  testCases.TC001_AccountRegistrationTest - *******Finished TC001_AutomationRegistrationTest *********
16:41:06.848 [main] INFO  testCases.TC002_LoginTest - *******Starting TC002_LoginTest *********
16:41:08.815 [main] INFO  testCases.TC002_LoginTest - *******Finished TC002_LoginTest *********
16:46:44.402 [main] INFO  testCases.TC001_AccountRegistrationTest - *******Starting TC001_AutomationRegistrationTest *********
16:46:44.613 [main] INFO  testCases.TC001_AccountRegistrationTest - Clicked on MyAccount Link 
16:46:45.376 [main] INFO  testCases.TC001_AccountRegistrationTest - Clicked on Register Link 
16:46:50.390 [main] INFO  testCases.TC001_AccountRegistrationTest - Providing customer details...
16:46:52.508 [main] INFO  testCases.TC001_AccountRegistrationTest - Validating expected message...
16:46:52.604 [main] INFO  testCases.TC001_AccountRegistrationTest - *******Finished TC001_AutomationRegistrationTest *********
16:46:56.870 [main] INFO  testCases.TC002_LoginTest - *******Starting TC002_LoginTest *********
16:46:58.807 [main] INFO  testCases.TC002_LoginTest - *******Finished TC002_LoginTest *********
23:19:17.800 [main] INFO  testCases.TC001_AccountRegistrationTest - *******Starting TC001_AutomationRegistrationTest *********
23:19:18.721 [main] INFO  testCases.TC001_AccountRegistrationTest - Clicked on MyAccount Link 
23:19:20.090 [main] INFO  testCases.TC001_AccountRegistrationTest - Clicked on Register Link 
23:19:25.106 [main] INFO  testCases.TC001_AccountRegistrationTest - Providing customer details...
23:19:27.802 [main] INFO  testCases.TC001_AccountRegistrationTest - Validating expected message...
23:19:27.924 [main] INFO  testCases.TC001_AccountRegistrationTest - *******Finished TC001_AutomationRegistrationTest *********
23:19:33.213 [main] INFO  testCases.TC002_LoginTest - *******Starting TC002_LoginTest *********
23:22:11.374 [main] INFO  testCases.TC001_AccountRegistrationTest - *******Starting TC001_AutomationRegistrationTest *********
23:22:12.023 [main] INFO  testCases.TC001_AccountRegistrationTest - Clicked on MyAccount Link 
23:22:13.262 [main] INFO  testCases.TC001_AccountRegistrationTest - Clicked on Register Link 
23:22:18.287 [main] INFO  testCases.TC001_AccountRegistrationTest - Providing customer details...
23:22:21.773 [main] INFO  testCases.TC001_AccountRegistrationTest - Validating expected message...
23:22:21.903 [main] INFO  testCases.TC001_AccountRegistrationTest - *******Finished TC001_AutomationRegistrationTest *********
23:22:27.907 [main] INFO  testCases.TC002_LoginTest - *******Starting TC002_LoginTest *********
23:22:31.068 [main] INFO  testCases.TC002_LoginTest - *******Finished TC002_LoginTest *********
23:25:55.205 [main] INFO  testCases.TC001_AccountRegistrationTest - *******Starting TC001_AutomationRegistrationTest *********
23:25:55.885 [main] INFO  testCases.TC001_AccountRegistrationTest - Clicked on MyAccount Link 
23:25:57.490 [main] INFO  testCases.TC001_AccountRegistrationTest - Clicked on Register Link 
23:26:02.501 [main] INFO  testCases.TC001_AccountRegistrationTest - Providing customer details...
23:26:05.469 [main] INFO  testCases.TC001_AccountRegistrationTest - Validating expected message...
23:26:05.573 [main] INFO  testCases.TC001_AccountRegistrationTest - *******Finished TC001_AutomationRegistrationTest *********
23:26:10.803 [main] INFO  testCases.TC002_LoginTest - *******Starting TC002_LoginTest *********
