23:26:13.936 [main] INFO  testCases.TC002_LoginTest - *******Finished TC002_LoginTest *********
00:09:11.993 [main] INFO  testCases.TC004_SearchTest - *******Starting TC004_SearchTest *********
00:09:12.986 [main] INFO  testCases.TC004_SearchTest - *******Finished TC004_SearchTest *********
00:45:02.436 [main] INFO  testCases.TC004_SearchProductTest - *******Starting TC004_SearchProductTest *********
00:45:03.854 [main] INFO  testCases.TC004_SearchProductTest - *******Finished TC004_SearchProductTest *********
00:47:16.713 [main] INFO  testCases.TC004_SearchProductTest - *******Starting TC004_SearchProductTest *********
00:47:17.550 [main] INFO  testCases.TC004_SearchProductTest - *******Finished TC004_SearchProductTest *********
00:47:57.153 [main] INFO  testCases.TC004_SearchProductTest - *******Starting TC004_SearchProductTest *********
00:47:58.192 [main] INFO  testCases.TC004_SearchProductTest - *******Finished TC004_SearchProductTest *********
00:48:02.809 [main] INFO  testCases.TC005_AddToCartTest - *******Starting TC005_AddToCartTest *********
00:52:48.473 [main] INFO  testCases.TC005_AddToCartTest - *******Starting TC005_AddToCartTest *********
12:04:48.638 [main] INFO  testCases.TC005_AddToCartTest - *******Starting TC005_AddToCartTest *********
12:07:02.040 [main] INFO  testCases.TC005_AddToCartTest - *******Starting TC005_AddToCartTest *********
12:39:15.824 [main] INFO  testCases.TC005_AddToCartTest - *******Starting TC005_AddToCartTest *********
12:39:18.465 [main] INFO  testCases.TC005_AddToCartTest - *******Finished TC005_AddToCartTest *********
12:48:39.808 [main] INFO  testCases.TC005_AddToCartTest - *******Starting TC005_AddToCartTest *********
12:50:01.821 [main] INFO  testCases.TC005_AddToCartTest - *******Starting TC005_AddToCartTest *********
12:53:37.963 [main] INFO  testCases.TC005_AddToCartTest - *******Starting TC005_AddToCartTest *********
12:56:43.820 [main] INFO  testCases.TC005_AddToCartTest - *******Starting TC005_AddToCartTest *********
12:56:49.722 [main] INFO  testCases.TC005_AddToCartTest - *******Finished TC005_AddToCartTest *********
21:56:28.370 [main] INFO  testCases.TC006_CheckoutTest - *******Starting TC006_CheckoutTest *********
21:56:35.889 [main] INFO  testCases.TC006_CheckoutTest - *******Finished TC006_CheckoutTest *********
