01:40:01.420 [main] INFO  testCases.TC001_AccountRegistrationTest - Clicked on MyAccount Link 
01:40:02.815 [main] INFO  testCases.TC001_AccountRegistrationTest - Clicked on Register Link 
01:40:07.831 [main] INFO  testCases.TC001_AccountRegistrationTest - Providing customer details...
01:40:10.686 [main] INFO  testCases.TC001_AccountRegistrationTest - Validating expected message...
01:40:10.769 [main] INFO  testCases.TC001_AccountRegistrationTest - *******Finished TC001_AutomationRegistrationTest *********
01:40:16.121 [main] INFO  testCases.TC002_LoginTest - *******Starting TC002_LoginTest *********
01:42:25.105 [main] INFO  testCases.TC002_LoginTest - *******Starting TC002_LoginTest *********
01:42:27.280 [main] INFO  testCases.TC002_LoginTest - *******Finished TC002_LoginTest *********
01:43:57.130 [main] INFO  testCases.TC001_AccountRegistrationTest - *******Starting TC001_AutomationRegistrationTest *********
01:43:57.365 [main] INFO  testCases.TC001_AccountRegistrationTest - Clicked on MyAccount Link 
01:43:58.115 [main] INFO  testCases.TC001_AccountRegistrationTest - Clicked on Register Link 
01:44:03.128 [main] INFO  testCases.TC001_AccountRegistrationTest - Providing customer details...
01:44:05.110 [main] INFO  testCases.TC001_AccountRegistrationTest - Validating expected message...
01:44:05.196 [main] ERROR testCases.TC001_AccountRegistrationTest - Test failed..
01:44:08.857 [main] INFO  testCases.TC002_LoginTest - *******Starting TC002_LoginTest *********
01:44:10.769 [main] INFO  testCases.TC002_LoginTest - *******Finished TC002_LoginTest *********
01:45:17.548 [main] INFO  testCases.TC001_AccountRegistrationTest - *******Starting TC001_AutomationRegistrationTest *********
01:45:17.759 [main] INFO  testCases.TC001_AccountRegistrationTest - Clicked on MyAccount Link 
01:45:18.578 [main] INFO  testCases.TC001_AccountRegistrationTest - Clicked on Register Link 
01:45:23.599 [main] INFO  testCases.TC001_AccountRegistrationTest - Providing customer details...
01:45:26.213 [main] INFO  testCases.TC001_AccountRegistrationTest - Validating expected message...
01:45:26.277 [main] INFO  testCases.TC001_AccountRegistrationTest - *******Finished TC001_AutomationRegistrationTest *********
22:59:46.064 [main] INFO  testCases.TC001_AccountRegistrationTest - *******Starting TC001_AutomationRegistrationTest *********
22:59:46.447 [main] INFO  testCases.TC001_AccountRegistrationTest - Clicked on MyAccount Link 
22:59:47.235 [main] INFO  testCases.TC001_AccountRegistrationTest - Clicked on Register Link 
22:59:52.293 [main] INFO  testCases.TC001_AccountRegistrationTest - Providing customer details...
22:59:54.342 [main] INFO  testCases.TC001_AccountRegistrationTest - Validating expected message...
22:59:54.451 [main] INFO  testCases.TC001_AccountRegistrationTest - *******Finished TC001_AutomationRegistrationTest *********
22:59:59.840 [main] INFO  testCases.TC002_LoginTest - *******Starting TC002_LoginTest *********
23:00:05.203 [main] INFO  testCases.TC002_LoginTest - *******Finished TC002_LoginTest *********
23:08:32.377 [main] INFO  testCases.TC001_AccountRegistrationTest - *******Starting TC001_AutomationRegistrationTest *********
23:08:32.638 [main] INFO  testCases.TC001_AccountRegistrationTest - Clicked on MyAccount Link 
23:08:33.469 [main] INFO  testCases.TC001_AccountRegistrationTest - Clicked on Register Link 
23:08:38.482 [main] INFO  testCases.TC001_AccountRegistrationTest - Providing customer details...
23:08:40.834 [main] INFO  testCases.TC001_AccountRegistrationTest - Validating expected message...
23:08:40.914 [main] INFO  testCases.TC001_AccountRegistrationTest - *******Finished TC001_AutomationRegistrationTest *********
23:08:44.707 [main] INFO  testCases.TC002_LoginTest - *******Starting TC002_LoginTest *********
23:08:47.567 [main] INFO  testCases.TC002_LoginTest - *******Finished TC002_LoginTest *********
23:11:10.526 [TestNG-tests-1] INFO  testCases.TC001_AccountRegistrationTest - *******Starting TC001_AutomationRegistrationTest *********
23:11:10.820 [TestNG-tests-1] INFO  testCases.TC001_AccountRegistrationTest - Clicked on MyAccount Link 
23:11:11.811 [TestNG-tests-1] INFO  testCases.TC001_AccountRegistrationTest - Clicked on Register Link 
23:11:16.828 [TestNG-tests-1] INFO  testCases.TC001_AccountRegistrationTest - Providing customer details...
23:11:19.169 [TestNG-tests-1] INFO  testCases.TC001_AccountRegistrationTest - Validating expected message...
23:11:19.300 [TestNG-tests-1] INFO  testCases.TC001_AccountRegistrationTest - *******Finished TC001_AutomationRegistrationTest *********
23:12:08.300 [TestNG-tests-1] INFO  testCases.TC001_AccountRegistrationTest - *******Starting TC001_AutomationRegistrationTest *********
23:12:08.604 [TestNG-tests-1] INFO  testCases.TC001_AccountRegistrationTest - Clicked on MyAccount Link 
23:12:09.565 [TestNG-tests-1] INFO  testCases.TC001_AccountRegistrationTest - Clicked on Register Link 
23:12:14.585 [TestNG-tests-1] INFO  testCases.TC001_AccountRegistrationTest - Providing customer details...
